<?xml version="1.0" encoding="UTF-8"?>
<!-- Generated by org.testng.reporters.JUnitXMLReporter -->
<testsuite hostname="siva" failures="0" tests="8" name="Nopackage" time="155.85" errors="0" timestamp="4 May 2025 12:15:05 GMT">
  <testcase classname="com.swaglabs.testscripts.TC001" name="tc001" time="10.944"/>
  <testcase classname="com.swaglabs.testscripts.TC002" name="tc002" time="13.594"/>
  <testcase classname="com.swaglabs.testscripts.TC003" name="tc003" time="17.14"/>
  <testcase classname="com.swaglabs.testscripts.TC004" name="tc004" time="20.028"/>
  <testcase classname="com.swaglabs.testscripts.TC005" name="tc005" time="20.225"/>
  <testcase classname="com.swaglabs.testscripts.TC006" name="tc006" time="23.824"/>
  <testcase classname="com.swaglabs.testscripts.TC007" name="tc007" time="22.68"/>
  <testcase classname="com.swaglabs.testscripts.TC008" name="tc008" time="27.332"/>
</testsuite> <!-- Nopackage -->
