<?xml version="1.0" encoding="UTF-8"?>
<testng-results total="8" passed="8" failed="0" skipped="0">
  <reporter-output>
  </reporter-output>
  <suite started-at="2025-05-04T12:12:29Z" name="Suite1" finished-at="2025-05-04T12:15:05Z" duration-ms="155850">
    <groups>
    </groups>
    <test started-at="2025-05-04T12:12:29Z" name="Nopackage" finished-at="2025-05-04T12:15:05Z" duration-ms="155850">
      <class name="com.swaglabs.testscripts.TC006">
        <test-method signature="tc006()[pri:0, instance:com.swaglabs.testscripts.TC006@6dbb137d]" started-at="2025-05-04T17:43:51Z" name="tc006" finished-at="2025-05-04T17:44:15Z" duration-ms="23824" status="PASS">
          <reporter-output>
          </reporter-output>
        </test-method> <!-- tc006 -->
      </class> <!-- com.swaglabs.testscripts.TC006 -->
      <class name="com.swaglabs.testscripts.TC007">
        <test-method signature="tc007()[pri:0, instance:com.swaglabs.testscripts.TC007@1a04f701]" started-at="2025-05-04T17:44:15Z" name="tc007" finished-at="2025-05-04T17:44:38Z" duration-ms="22680" status="PASS">
          <reporter-output>
          </reporter-output>
        </test-method> <!-- tc007 -->
      </class> <!-- com.swaglabs.testscripts.TC007 -->
      <class name="com.swaglabs.testscripts.TC004">
        <test-method signature="tc004()[pri:0, instance:com.swaglabs.testscripts.TC004@3c9d0b9d]" started-at="2025-05-04T17:43:11Z" name="tc004" finished-at="2025-05-04T17:43:31Z" duration-ms="20028" status="PASS">
          <reporter-output>
          </reporter-output>
        </test-method> <!-- tc004 -->
      </class> <!-- com.swaglabs.testscripts.TC004 -->
      <class name="com.swaglabs.testscripts.TC005">
        <test-method signature="tc005()[pri:0, instance:com.swaglabs.testscripts.TC005@d4342c2]" started-at="2025-05-04T17:43:31Z" name="tc005" finished-at="2025-05-04T17:43:51Z" duration-ms="20225" status="PASS">
          <reporter-output>
          </reporter-output>
        </test-method> <!-- tc005 -->
      </class> <!-- com.swaglabs.testscripts.TC005 -->
      <class name="com.swaglabs.testscripts.TC002">
        <test-method signature="tc002()[pri:0, instance:com.swaglabs.testscripts.TC002@43301423]" started-at="2025-05-04T17:42:40Z" name="tc002" finished-at="2025-05-04T17:42:54Z" duration-ms="13594" status="PASS">
          <reporter-output>
          </reporter-output>
        </test-method> <!-- tc002 -->
      </class> <!-- com.swaglabs.testscripts.TC002 -->
      <class name="com.swaglabs.testscripts.TC003">
        <test-method signature="tc003()[pri:0, instance:com.swaglabs.testscripts.TC003@4e91d63f]" started-at="2025-05-04T17:42:54Z" name="tc003" finished-at="2025-05-04T17:43:11Z" duration-ms="17140" status="PASS">
          <reporter-output>
          </reporter-output>
        </test-method> <!-- tc003 -->
      </class> <!-- com.swaglabs.testscripts.TC003 -->
      <class name="com.swaglabs.testscripts.TC001">
        <test-method signature="tc001()[pri:0, instance:com.swaglabs.testscripts.TC001@33afa13b]" started-at="2025-05-04T17:42:29Z" name="tc001" finished-at="2025-05-04T17:42:40Z" duration-ms="10944" status="PASS">
          <reporter-output>
          </reporter-output>
        </test-method> <!-- tc001 -->
      </class> <!-- com.swaglabs.testscripts.TC001 -->
      <class name="com.swaglabs.testscripts.TC008">
        <test-method signature="tc008()[pri:0, instance:com.swaglabs.testscripts.TC008@2f112965]" started-at="2025-05-04T17:44:38Z" name="tc008" finished-at="2025-05-04T17:45:05Z" duration-ms="27332" status="PASS">
          <reporter-output>
          </reporter-output>
        </test-method> <!-- tc008 -->
      </class> <!-- com.swaglabs.testscripts.TC008 -->
    </test> <!-- Nopackage -->
  </suite> <!-- Suite1 -->
</testng-results>
